# JRE version: Java(TM) SE Runtime Environment (9.0+11) (build 9.0.4+11)
# Java VM: Java HotSpot(TM) 64-Bit Server VM (9.0.4+11, mixed mode, tiered, compressed oops, g1 gc, windows-amd64)
Heap:
 garbage-first heap   total 299008K, used 91424K [0x0000000700000000, 0x0000000700100920, 0x00000007c0000000)
  region size 1024K, 3 young (3072K), 1 survivors (1024K)
 Metaspace       used 99215K, capacity 102801K, committed 105212K, reserved 1140736K
  class space    used 13593K, capacity 14259K, committed 14844K, reserved 1048576K
GC Heap History (10 events):
Event: 13735.933 GC heap before
{Heap before GC invocations=1284 (full 598):
 garbage-first heap   total 299008K, used 151098K [0x0000000700000000, 0x0000000700100920, 0x00000007c0000000)
  region size 1024K, 60 young (61440K), 0 survivors (0K)
 Metaspace       used 99199K, capacity 102801K, committed 105212K, reserved 1140736K
  class space    used 13593K, capacity 14259K, committed 14844K, reserved 1048576K
}
Event: 13735.936 GC heap after
{Heap after GC invocations=1285 (full 598):
 garbage-first heap   total 299008K, used 90112K [0x0000000700000000, 0x0000000700100920, 0x00000007c0000000)
  region size 1024K, 1 young (1024K), 1 survivors (1024K)
 Metaspace       used 99199K, capacity 102801K, committed 105212K, reserved 1140736K
  class space    used 13593K, capacity 14259K, committed 14844K, reserved 1048576K
}
Event: 13742.343 GC heap before
{Heap before GC invocations=1285 (full 598):
 garbage-first heap   total 299008K, used 150528K [0x0000000700000000, 0x0000000700100920, 0x00000007c0000000)
  region size 1024K, 60 young (61440K), 1 survivors (1024K)
 Metaspace       used 99199K, capacity 102801K, committed 105212K, reserved 1140736K
  class space    used 13593K, capacity 14259K, committed 14844K, reserved 1048576K
}
Event: 13742.346 GC heap after
{Heap after GC invocations=1286 (full 598):
 garbage-first heap   total 299008K, used 90033K [0x0000000700000000, 0x0000000700100920, 0x00000007c0000000)
  region size 1024K, 1 young (1024K), 1 survivors (1024K)
 Metaspace       used 99199K, capacity 102801K, committed 105212K, reserved 1140736K
  class space    used 13593K, capacity 14259K, committed 14844K, reserved 1048576K
}
Event: 13748.629 GC heap before
{Heap before GC invocations=1286 (full 598):
 garbage-first heap   total 299008K, used 150449K [0x0000000700000000, 0x0000000700100920, 0x00000007c0000000)
  region size 1024K, 60 young (61440K), 1 survivors (1024K)
 Metaspace       used 99201K, capacity 102801K, committed 105212K, reserved 1140736K
  class space    used 13593K, capacity 14259K, committed 14844K, reserved 1048576K
}
Event: 13748.633 GC heap after
{Heap after GC invocations=1287 (full 598):
 garbage-first heap   total 299008K, used 90580K [0x0000000700000000, 0x0000000700100920, 0x00000007c0000000)
  region size 1024K, 1 young (1024K), 1 survivors (1024K)
 Metaspace       used 99201K, capacity 102801K, committed 105212K, reserved 1140736K
  class space    used 13593K, capacity 14259K, committed 14844K, reserved 1048576K
}
Event: 13749.215 GC heap before
{Heap before GC invocations=1287 (full 598):
 garbage-first heap   total 299008K, used 150996K [0x0000000700000000, 0x0000000700100920, 0x00000007c0000000)
  region size 1024K, 60 young (61440K), 1 survivors (1024K)
 Metaspace       used 99215K, capacity 102801K, committed 105212K, reserved 1140736K
  class space    used 13593K, capacity 14259K, committed 14844K, reserved 1048576K
}
Event: 13749.218 GC heap after
{Heap after GC invocations=1288 (full 598):
 garbage-first heap   total 299008K, used 90258K [0x0000000700000000, 0x0000000700100920, 0x00000007c0000000)
  region size 1024K, 1 young (1024K), 1 survivors (1024K)
 Metaspace       used 99215K, capacity 102801K, committed 105212K, reserved 1140736K
  class space    used 13593K, capacity 14259K, committed 14844K, reserved 1048576K
}
Event: 13750.965 GC heap before
{Heap before GC invocations=1288 (full 598):
 garbage-first heap   total 299008K, used 150674K [0x0000000700000000, 0x0000000700100920, 0x00000007c0000000)
  region size 1024K, 60 young (61440K), 1 survivors (1024K)
 Metaspace       used 99215K, capacity 102801K, committed 105212K, reserved 1140736K
  class space    used 13593K, capacity 14259K, committed 14844K, reserved 1048576K
}
Event: 13750.970 GC heap after
{Heap after GC invocations=1289 (full 598):
 garbage-first heap   total 299008K, used 90400K [0x0000000700000000, 0x0000000700100920, 0x00000007c0000000)
  region size 1024K, 1 young (1024K), 1 survivors (1024K)
 Metaspace       used 99215K, capacity 102801K, committed 105212K, reserved 1140736K
  class space    used 13593K, capacity 14259K, committed 14844K, reserved 1048576K
}

